\BOOKMARK [1][-]{section.1}{Introduction}{}% 1
\BOOKMARK [2][-]{subsection.1.1}{Biological Background}{section.1}% 2
\BOOKMARK [3][-]{subsubsection.1.1.1}{Key Terms}{subsection.1.1}% 3
\BOOKMARK [3][-]{subsubsection.1.1.2}{Work Flow}{subsection.1.1}% 4
\BOOKMARK [2][-]{subsection.1.2}{Trinity}{section.1}% 5
\BOOKMARK [3][-]{subsubsection.1.2.1}{Structure}{subsection.1.2}% 6
\BOOKMARK [3][-]{subsubsection.1.2.2}{Phases}{subsection.1.2}% 7
\BOOKMARK [2][-]{subsection.1.3}{Applications}{section.1}% 8
\BOOKMARK [1][-]{section.2}{Inchworm}{}% 9
\BOOKMARK [2][-]{subsection.2.1}{Phases}{section.2}% 10
\BOOKMARK [3][-]{subsubsection.2.1.1}{Parsing}{subsection.2.1}% 11
\BOOKMARK [3][-]{subsubsection.2.1.2}{Sorting}{subsection.2.1}% 12
\BOOKMARK [3][-]{subsubsection.2.1.3}{Pruning}{subsection.2.1}% 13
\BOOKMARK [3][-]{subsubsection.2.1.4}{Assembling}{subsection.2.1}% 14
\BOOKMARK [2][-]{subsection.2.2}{Implementation}{section.2}% 15
\BOOKMARK [1][-]{section.3}{Performance Analysis}{}% 16
\BOOKMARK [2][-]{subsection.3.1}{Datasets}{section.3}% 17
\BOOKMARK [2][-]{subsection.3.2}{Hardware \046 Software Environment}{section.3}% 18
\BOOKMARK [2][-]{subsection.3.3}{Phase Analysis of Inchworm}{section.3}% 19
\BOOKMARK [1][-]{section.4}{Performance Optimisation}{}% 20
\BOOKMARK [2][-]{subsection.4.1}{Parsing}{section.4}% 21
\BOOKMARK [3][-]{subsubsection.4.1.1}{Memory Mapping}{subsection.4.1}% 22
\BOOKMARK [3][-]{subsubsection.4.1.2}{Observed Improvements}{subsection.4.1}% 23
\BOOKMARK [2][-]{subsection.4.2}{Pruning}{section.4}% 24
\BOOKMARK [3][-]{subsubsection.4.2.1}{Parallel Pruning}{subsection.4.2}% 25
\BOOKMARK [3][-]{subsubsection.4.2.2}{Performance Gain}{subsection.4.2}% 26
\BOOKMARK [2][-]{subsection.4.3}{Assembly}{section.4}% 27
\BOOKMARK [3][-]{subsubsection.4.3.1}{Master-Slave Approach}{subsection.4.3}% 28
\BOOKMARK [3][-]{subsubsection.4.3.2}{Benefits}{subsection.4.3}% 29
\BOOKMARK [2][-]{subsection.4.4}{Overall Improvements}{section.4}% 30
\BOOKMARK [1][-]{section.5}{Conclusion}{}% 31
\BOOKMARK [2][-]{subsection.5.1}{Future work}{section.5}% 32
